nohup: ignoring input
Loading required package: methods
Package version: 1.4.3
Parallel computing: 2 of 20 threads used.
See https://quanteda.io for tutorials and examples.

Attaching package: ‘quanteda’

The following object is masked from ‘package:utils’:

    View

Warning messages:
1: Transformation introduced infinite values in continuous y-axis 
2: Transformation introduced infinite values in continuous y-axis 
3: Transformation introduced infinite values in continuous y-axis 
4: Transformation introduced infinite values in continuous y-axis 
$relpitch_2gram
       s        b 
1.379781 0.000000 

$relpitch_3gram
        s         b 
1.1943046 0.1258561 

$relrhythm_2gram
       s        b 
2.508596 1.172063 

$relrhythm_3gram
        s         b 
1.5835467 0.7335162 

$relpitch_2gram
[1] 0.9968738

$relpitch_3gram
[1] 0.9178905

$relrhythm_2gram
[1] 0.9868183

$relrhythm_3gram
[1] 0.9664652

$relpitch_2gram
                          Africa.s                           Africa.b 
                         1.6796485                          0.9263181 
                            Asia.s                             Asia.b 
                         1.3639966                          0.6540381 
                          Europe.s                           Europe.b 
                         4.6811937                         10.2048104 
Middle America and the Caribbean.s Middle America and the Caribbean.b 
                         1.7429495                          0.0000000 
                     Middle East.s                      Middle East.b 
                         6.9206121                          8.6255108 
                   North America.s                    North America.b 
                         1.5710625                          0.0000000 
                         Oceania.s                          Oceania.b 
                         1.5304099                          0.0000000 
                   South America.s                    South America.b 
                         1.3816010                          0.0000000 

$relpitch_3gram
                          Africa.s                           Africa.b 
                        1.57943095                         4.25396880 
                            Asia.s                             Asia.b 
                        4.39257761                        82.30308168 
                          Europe.s                           Europe.b 
                        4.04646387                        43.18393309 
Middle America and the Caribbean.s Middle America and the Caribbean.b 
                        1.40842218                         0.00000000 
                     Middle East.s                      Middle East.b 
                        2.30513476                         3.02412615 
                   North America.s                    North America.b 
                        1.29752061                         0.04171559 
                         Oceania.s                          Oceania.b 
                        1.26717293                         0.00000000 
                   South America.s                    South America.b 
                        1.24406047                         0.04366793 

$relrhythm_2gram
                          Africa.s                           Africa.b 
                         2.5600693                          2.0115469 
                            Asia.s                             Asia.b 
                         3.1114769                          1.9009416 
                          Europe.s                           Europe.b 
                         6.0660689                          8.4765825 
Middle America and the Caribbean.s Middle America and the Caribbean.b 
                         2.1382716                          0.1088152 
                     Middle East.s                      Middle East.b 
                         5.2072431                          4.0795741 
                   North America.s                    North America.b 
                         4.0551831                          3.9937936 
                         Oceania.s                          Oceania.b 
                         2.1678844                          0.2979974 
                   South America.s                    South America.b 
                         2.4141268                          0.8934854 

$relrhythm_3gram
                          Africa.s                           Africa.b 
                         1.6819843                          2.3994674 
                            Asia.s                             Asia.b 
                         1.9702629                          1.8260717 
                          Europe.s                           Europe.b 
                         2.8391074                          7.6884305 
Middle America and the Caribbean.s Middle America and the Caribbean.b 
                         1.5727582                          0.0000000 
                     Middle East.s                      Middle East.b 
                         2.6721957                          2.9491132 
                   North America.s                    North America.b 
                         1.8781411                          1.9190781 
                         Oceania.s                          Oceania.b 
                         1.5956965                          0.3074313 
                   South America.s                    South America.b 
                         1.5833065                          0.5848473 

$relpitch_2gram
                          Africa                             Asia 
                       0.9831999                        0.9760267 
                          Europe Middle America and the Caribbean 
                       0.9640614                        0.9414972 
                     Middle East                    North America 
                       0.9215884                        0.9711835 
                         Oceania                    South America 
                       0.9687216                        0.9792502 

$relpitch_3gram
                          Africa                             Asia 
                       0.8725559                        0.6690567 
                          Europe Middle America and the Caribbean 
                       0.9689949                        0.8395502 
                     Middle East                    North America 
                       0.9877054                        0.8791109 
                         Oceania                    South America 
                       0.8963837                        0.8856500 

$relrhythm_2gram
                          Africa                             Asia 
                       0.9754281                        0.9850546 
                          Europe Middle America and the Caribbean 
                       0.9795556                        0.9934134 
                     Middle East                    North America 
                       0.9668653                        0.9824447 
                         Oceania                    South America 
                       0.8777379                        0.9719852 

$relrhythm_3gram
                          Africa                             Asia 
                       0.9472755                        0.9621775 
                          Europe Middle America and the Caribbean 
                       0.9395257                        0.9704528 
                     Middle East                    North America 
                       0.9015742                        0.9577610 
                         Oceania                    South America 
                       0.8658772                        0.9323022 

