nohup: ignoring input
[1] "appear"
[1] "audience_dance"
[1] "ceremony"
[1] "child_by"
[1] "child_for"
[1] "clap"
[1] "compose"
[1] "improv"
[1] "informal"
[1] "instrument"
[1] "mimic"
[1] "religious"
[1] "restrict"
[1] "singers_dance"
[1] "singers_leader"
[1] "stomp"
[1] "trance"
[1] "dummy_singer_sex_male"
[1] "dummy_singer_sex_female"
[1] "dummy_time_2200.to.0400"
[1] "dummy_time_1900.to.2200"
[1] "dummy_time_1000.to.1400"
[1] "dummy_time_1400.to.1700"
[1] "dummy_time_0400.to.0700"
[1] "dummy_time_1700.to.1900"
[1] "dummy_time_0700.to.1000"
[1] "dummy_singers_multiple"
[1] "dummy_singer_age_adolescent.young.adult"
[1] "dummy_singer_age_adult"
[1] "dummy_singer_age_child"
[1] "dummy_singer_age_elder"
[1] "dummy_audience_child"
[1] "dummy_audience_sex_male"
[1] "dummy_audience_sex_female"
[1] "dummy_instrument_aerophone"
[1] "dummy_instrument_chordophone"
[1] "dummy_instrument_percussion"
[1] "numeric_singer_logage"
[1] "numeric_audience_logsize"
[1] "numeric_audience_logage"
There were 50 or more warnings (use warnings() to see the first 50)
[1] 0.774
[1] 0.429 1.000
[1] 0.633
[1] 0.273 1.000
